0 info it worked if it ends with ok
1 verbose cli [ '/home/ec2-user/.nvm/versions/node/v6.15.0/bin/node',
1 verbose cli   '/home/ec2-user/.nvm/versions/node/v6.15.0/bin/npm',
1 verbose cli   'install',
1 verbose cli   'C:UsersRACDocumentsRubyOnRailsbootstrap-4.2.1-dist' ]
2 info using npm@3.10.10
3 info using node@v6.15.0
4 silly loadCurrentTree Starting
5 silly install loadCurrentTree
6 silly install readLocalPackageData
7 silly fetchPackageMetaData C:UsersRACDocumentsRubyOnRailsbootstrap-4.2.1-dist
8 silly fetchPackageMetaData Error: Unsupported URL Type: C:UsersRACDocumentsRubyOnRailsbootstrap-4.2.1-dist
8 silly fetchPackageMetaData     at parseUrl (/home/ec2-user/.nvm/versions/node/v6.15.0/lib/node_modules/npm/node_modules/npm-package-arg/npa.js:186:13)
8 silly fetchPackageMetaData     at npa (/home/ec2-user/.nvm/versions/node/v6.15.0/lib/node_modules/npm/node_modules/npm-package-arg/npa.js:79:12)
8 silly fetchPackageMetaData     at module.exports (/home/ec2-user/.nvm/versions/node/v6.15.0/lib/node_modules/npm/node_modules/realize-package-specifier/index.js:12:15)
8 silly fetchPackageMetaData     at fetchPackageMetadata (/home/ec2-user/.nvm/versions/node/v6.15.0/lib/node_modules/npm/lib/fetch-package-metadata.js:54:12)
8 silly fetchPackageMetaData     at fetchMetadataWithVersion (/home/ec2-user/.nvm/versions/node/v6.15.0/lib/node_modules/npm/lib/install/deps.js:228:14)
8 silly fetchPackageMetaData     at /home/ec2-user/.nvm/versions/node/v6.15.0/lib/node_modules/npm/lib/install/deps.js:241:16
8 silly fetchPackageMetaData     at /home/ec2-user/.nvm/versions/node/v6.15.0/lib/node_modules/npm/node_modules/slide/lib/async-map.js:52:35
8 silly fetchPackageMetaData     at Array.forEach (native)
8 silly fetchPackageMetaData     at /home/ec2-user/.nvm/versions/node/v6.15.0/lib/node_modules/npm/node_modules/slide/lib/async-map.js:52:11
8 silly fetchPackageMetaData     at Array.forEach (native)
8 silly fetchPackageMetaData  error for C:UsersRACDocumentsRubyOnRailsbootstrap-4.2.1-dist Error: Unsupported URL Type: C:UsersRACDocumentsRubyOnRailsbootstrap-4.2.1-dist
8 silly fetchPackageMetaData     at parseUrl (/home/ec2-user/.nvm/versions/node/v6.15.0/lib/node_modules/npm/node_modules/npm-package-arg/npa.js:186:13)
8 silly fetchPackageMetaData     at npa (/home/ec2-user/.nvm/versions/node/v6.15.0/lib/node_modules/npm/node_modules/npm-package-arg/npa.js:79:12)
8 silly fetchPackageMetaData     at module.exports (/home/ec2-user/.nvm/versions/node/v6.15.0/lib/node_modules/npm/node_modules/realize-package-specifier/index.js:12:15)
8 silly fetchPackageMetaData     at fetchPackageMetadata (/home/ec2-user/.nvm/versions/node/v6.15.0/lib/node_modules/npm/lib/fetch-package-metadata.js:54:12)
8 silly fetchPackageMetaData     at fetchMetadataWithVersion (/home/ec2-user/.nvm/versions/node/v6.15.0/lib/node_modules/npm/lib/install/deps.js:228:14)
8 silly fetchPackageMetaData     at /home/ec2-user/.nvm/versions/node/v6.15.0/lib/node_modules/npm/lib/install/deps.js:241:16
8 silly fetchPackageMetaData     at /home/ec2-user/.nvm/versions/node/v6.15.0/lib/node_modules/npm/node_modules/slide/lib/async-map.js:52:35
8 silly fetchPackageMetaData     at Array.forEach (native)
8 silly fetchPackageMetaData     at /home/ec2-user/.nvm/versions/node/v6.15.0/lib/node_modules/npm/node_modules/slide/lib/async-map.js:52:11
8 silly fetchPackageMetaData     at Array.forEach (native)
9 silly rollbackFailedOptional Starting
10 silly rollbackFailedOptional Finishing
11 silly runTopLevelLifecycles Finishing
12 silly install printInstalled
13 verbose stack Error: Unsupported URL Type: C:UsersRACDocumentsRubyOnRailsbootstrap-4.2.1-dist
13 verbose stack     at parseUrl (/home/ec2-user/.nvm/versions/node/v6.15.0/lib/node_modules/npm/node_modules/npm-package-arg/npa.js:186:13)
13 verbose stack     at npa (/home/ec2-user/.nvm/versions/node/v6.15.0/lib/node_modules/npm/node_modules/npm-package-arg/npa.js:79:12)
13 verbose stack     at module.exports (/home/ec2-user/.nvm/versions/node/v6.15.0/lib/node_modules/npm/node_modules/realize-package-specifier/index.js:12:15)
13 verbose stack     at fetchPackageMetadata (/home/ec2-user/.nvm/versions/node/v6.15.0/lib/node_modules/npm/lib/fetch-package-metadata.js:54:12)
13 verbose stack     at fetchMetadataWithVersion (/home/ec2-user/.nvm/versions/node/v6.15.0/lib/node_modules/npm/lib/install/deps.js:228:14)
13 verbose stack     at /home/ec2-user/.nvm/versions/node/v6.15.0/lib/node_modules/npm/lib/install/deps.js:241:16
13 verbose stack     at /home/ec2-user/.nvm/versions/node/v6.15.0/lib/node_modules/npm/node_modules/slide/lib/async-map.js:52:35
13 verbose stack     at Array.forEach (native)
13 verbose stack     at /home/ec2-user/.nvm/versions/node/v6.15.0/lib/node_modules/npm/node_modules/slide/lib/async-map.js:52:11
13 verbose stack     at Array.forEach (native)
14 verbose cwd /home/ec2-user/environment/alpha_blog
15 error Linux 4.14.88-72.73.amzn1.x86_64
16 error argv "/home/ec2-user/.nvm/versions/node/v6.15.0/bin/node" "/home/ec2-user/.nvm/versions/node/v6.15.0/bin/npm" "install" "C:UsersRACDocumentsRubyOnRailsbootstrap-4.2.1-dist"
17 error node v6.15.0
18 error npm  v3.10.10
19 error Unsupported URL Type: C:UsersRACDocumentsRubyOnRailsbootstrap-4.2.1-dist
20 error If you need help, you may report this error at:
20 error     <https://github.com/npm/npm/issues>
21 verbose exit [ 1, true ]
